<?xml version="1.0" encoding="UTF-8"?>
<testng-results ignored="0" total="1" passed="0" failed="1" skipped="0">
  <reporter-output>
    <line>
      <![CDATA[[[ChromeDriver: chrome on MAC (ccc14aa4d6b153feea6c174aa5e394cd)] -> xpath: //button[text()='Order with Card']] --> element not is clicked<br>]]>
    </line>
  </reporter-output>
  <suite started-at="2024-03-30T20:46:14 PDT" name="Default suite" finished-at="2024-03-30T20:46:21 PDT" duration-ms="7095">
    <groups>
    </groups>
    <test started-at="2024-03-30T20:46:14 PDT" name="Default test" finished-at="2024-03-30T20:46:21 PDT" duration-ms="7095">
      <class name="com.placeAnOrderTest.CyberTruck">
        <test-method is-config="true" signature="OpenBrowser()[pri:0, instance:com.placeAnOrderTest.CyberTruck@18d87d80]" started-at="2024-03-30T20:46:14 PDT" name="OpenBrowser" finished-at="2024-03-30T20:46:17 PDT" duration-ms="2735" status="PASS">
          <reporter-output>
          </reporter-output>
        </test-method> <!-- OpenBrowser -->
        <test-method signature="cyberTruckTest()[pri:0, instance:com.placeAnOrderTest.CyberTruck@18d87d80]" started-at="2024-03-30T20:46:17 PDT" name="cyberTruckTest" finished-at="2024-03-30T20:46:21 PDT" duration-ms="4249" status="FAIL">
          <exception class="java.lang.AssertionError">
            <message>
              <![CDATA[null]]>
            </message>
            <full-stacktrace>
              <![CDATA[java.lang.AssertionError: null
at org.testng.Assert.fail(Assert.java:110)
at org.testng.Assert.fail(Assert.java:115)
at com.common.CommonActions.click(CommonActions.java:17)
at com.object.OrderPage.orderPage(OrderPage.java:19)
at com.placeAnOrderTest.CyberTruck.cyberTruckTest(CyberTruck.java:12)
at java.base/jdk.internal.reflect.NativeMethodAccessorImpl.invoke0(Native Method)
at java.base/jdk.internal.reflect.NativeMethodAccessorImpl.invoke(NativeMethodAccessorImpl.java:77)
at java.base/jdk.internal.reflect.DelegatingMethodAccessorImpl.invoke(DelegatingMethodAccessorImpl.java:43)
at java.base/java.lang.reflect.Method.invoke(Method.java:568)
at org.testng.internal.invokers.MethodInvocationHelper.invokeMethod(MethodInvocationHelper.java:135)
at org.testng.internal.invokers.TestInvoker.invokeMethod(TestInvoker.java:673)
at org.testng.internal.invokers.TestInvoker.invokeTestMethod(TestInvoker.java:220)
at org.testng.internal.invokers.MethodRunner.runInSequence(MethodRunner.java:50)
at org.testng.internal.invokers.TestInvoker$MethodInvocationAgent.invoke(TestInvoker.java:945)
at org.testng.internal.invokers.TestInvoker.invokeTestMethods(TestInvoker.java:193)
at org.testng.internal.invokers.TestMethodWorker.invokeTestMethods(TestMethodWorker.java:146)
at org.testng.internal.invokers.TestMethodWorker.run(TestMethodWorker.java:128)
at java.base/java.util.ArrayList.forEach(ArrayList.java:1511)
at org.testng.TestRunner.privateRun(TestRunner.java:808)
at org.testng.TestRunner.run(TestRunner.java:603)
at org.testng.SuiteRunner.runTest(SuiteRunner.java:429)
at org.testng.SuiteRunner.runSequentially(SuiteRunner.java:423)
at org.testng.SuiteRunner.privateRun(SuiteRunner.java:383)
at org.testng.SuiteRunner.run(SuiteRunner.java:326)
at org.testng.SuiteRunnerWorker.runSuite(SuiteRunnerWorker.java:52)
at org.testng.SuiteRunnerWorker.run(SuiteRunnerWorker.java:95)
at org.testng.TestNG.runSuitesSequentially(TestNG.java:1249)
at org.testng.TestNG.runSuitesLocally(TestNG.java:1169)
at org.testng.TestNG.runSuites(TestNG.java:1092)
at org.testng.TestNG.run(TestNG.java:1060)
at org.testng.remote.AbstractRemoteTestNG.run(AbstractRemoteTestNG.java:115)
at org.testng.remote.RemoteTestNG.initAndRun(RemoteTestNG.java:251)
at org.testng.remote.RemoteTestNG.main(RemoteTestNG.java:77)
]]>
            </full-stacktrace>
          </exception> <!-- java.lang.AssertionError -->
          <reporter-output>
            <line>
              <![CDATA[[[ChromeDriver: chrome on MAC (ccc14aa4d6b153feea6c174aa5e394cd)] -> xpath: //button[text()='Order with Card']] --> element not is clicked<br>]]>
            </line>
          </reporter-output>
        </test-method> <!-- cyberTruckTest -->
        <test-method is-config="true" signature="closingBrowser()[pri:0, instance:com.placeAnOrderTest.CyberTruck@18d87d80]" started-at="2024-03-30T20:46:21 PDT" name="closingBrowser" finished-at="2024-03-30T20:46:21 PDT" duration-ms="96" status="PASS">
          <reporter-output>
          </reporter-output>
        </test-method> <!-- closingBrowser -->
      </class> <!-- com.placeAnOrderTest.CyberTruck -->
    </test> <!-- Default test -->
  </suite> <!-- Default suite -->
</testng-results>
